<?xml version="1.0" ?>
<testsuites>
    <testsuite name="Sprint1" tests="3" failures="0" errors="0" skipped="0">
        <testcase classname="Script_1" name="/Users/konnividyasagar/Desktop/QE_COE/Ash3/io_files/generated_test_scripts/test_case_1/1.py" time="16.143872">
            <system-out>Success</system-out>
        </testcase>
        <testcase classname="Script_2" name="/Users/konnividyasagar/Desktop/QE_COE/Ash3/io_files/generated_test_scripts/test_case_2/1.py" time="19.268122">
            <system-out>Success</system-out>
        </testcase>
        <testcase classname="Script_3" name="/Users/konnividyasagar/Desktop/QE_COE/Ash3/io_files/generated_test_scripts/test_case_3/1.py" time="64.310326">
            <system-out>Success</system-out>
        </testcase>
    </testsuite>
</testsuites>
