<?xml version="1.0" ?>
<testsuites>
    <testsuite name="Sprint1" tests="3" failures="2" errors="0" skipped="0">
        <testcase classname="Script_1" name="/Users/konnividyasagar/Desktop/QE_COE/Ash3/io_files/generated_test_scripts/test_case_1/1.py" time="15.549074">
            <system-out>Failure</system-out>
        </testcase>
        <testcase classname="Script_2" name="/Users/konnividyasagar/Desktop/QE_COE/Ash3/io_files/generated_test_scripts/test_case_2/1.py" time="15.303989">
            <system-out>Failure</system-out>
        </testcase>
        <testcase classname="Script_3" name="/Users/konnividyasagar/Desktop/QE_COE/Ash3/io_files/generated_test_scripts/test_case_3/1.py" time="39.564089">
            <system-out>Success</system-out>
        </testcase>
    </testsuite>
</testsuites>
